Starting a file upload ...
Starting a file upload ...
Starting a file upload ...
Starting a file upload ...
File was uploaded: dog-rainy-dog.gif
Full keys: 
Form keys: ['filePicker']
Starting a file upload ...
File was uploaded: dog-rainy-dog.gif
Full keys: 
Form keys: ['myFilePicker']
Starting a file upload ...
File was uploaded: dog-rainy-dog.gif
Full keys: 
Form keys: ['myFilePicker']
Starting a file upload ...
File was uploaded: fgh.png
Full keys: 
Form keys: ['myFilePicker']
Starting a file upload ...
File was uploaded: fgh.png
Full keys: 
Form keys: ['myFilePicker']
Starting a file upload ...
No filename found in fileitem.
Starting a file upload ...
File was uploaded: yoshi64sunset-yoshi.gif
Full keys: 
Form keys: ['myFilePicker']
Starting a file upload ...
File was uploaded: Screenshot from 2025-06-16 15-14-00.png
Full keys: 
Form keys: ['myFilePicker']
Starting a file upload ...
File was uploaded: dog-rainy-dog.gif
Full keys: 
Form keys: ['myFilePicker']
Starting a file upload ...
File was uploaded: fgh.png
Full keys: 
Form keys: ['myFilePicker']
Starting a file upload ...
File was uploaded: Harl.cpp
Full keys: 
Form keys: ['myFilePicker']
Starting a file upload ...
File was uploaded: dog-rainy-dog.gif
Full keys: 
Form keys: ['myFilePicker']
Starting a file upload ...
File was uploaded: dog-rainy-dog.gif
Full keys: 
Form keys: ['myFilePicker']
Starting a file upload ...
File was uploaded: image.png
Full keys: 
Form keys: ['myFilePicker']
